2025-06-30 19:04:25,974 - INFO - ------------ 当前选择的模式是:1_VS_1
2025-06-30 19:04:25,974 - INFO - DEBUG------- 武将INFO配置成功
2025-06-30 19:04:25,974 - INFO - DEBUG----------- 武将INFO -- 武将名称: HeroName.吕布
2025-06-30 19:04:25,974 - INFO - DEBUG----------- 武将INFO -- 武将阵营: Faction.群
2025-06-30 19:04:25,974 - INFO - DEBUG----------- 武将INFO -- 武将兵种: WeaponType.骑
2025-06-30 19:04:25,974 - INFO - DEBUG----------- 武将INFO -- 武将性别: 1
2025-06-30 19:04:25,974 - INFO - DEBUG----------- 武将INFO -- 初始武力: 125
2025-06-30 19:04:25,974 - INFO - DEBUG----------- 武将INFO -- 武力成长: 3.0
2025-06-30 19:04:25,974 - INFO - DEBUG----------- 武将INFO -- 初始智力: 38
2025-06-30 19:04:25,974 - INFO - DEBUG----------- 武将INFO -- 智力成长: 0.7
2025-06-30 19:04:25,974 - INFO - DEBUG----------- 武将INFO -- 初始统帅: 93
2025-06-30 19:04:25,974 - INFO - DEBUG----------- 武将INFO -- 统帅成长: 1.89
2025-06-30 19:04:25,975 - INFO - DEBUG----------- 武将INFO -- 初始先攻: 76
2025-06-30 19:04:25,975 - INFO - DEBUG----------- 武将INFO -- 先攻成长: 2.57
2025-06-30 19:04:25,975 - INFO - DEBUG----------- 武将INFO -- 自带战法: SkillName.骁勇无前
2025-06-30 19:04:25,975 - INFO - DEBUG------- 武将EXTRA配置成功
2025-06-30 19:04:25,975 - INFO - DEBUG----------- 武将EXTRA -- 武力加点: 10, 智力加点: 10, 统帅加点: 10, 先攻加点: 10, 武将升阶: 1, 武将升品: 1
2025-06-30 19:04:25,975 - INFO - DEBUG----------- 武将INFO -- 第一战法: None, 第一战法升阶: 0
2025-06-30 19:04:25,975 - INFO - DEBUG----------- 武将INFO -- 第二战法: None, 第二战法升阶: 0
2025-06-30 19:04:25,975 - INFO - DEBUG------- 武将INFO配置成功
2025-06-30 19:04:25,975 - INFO - DEBUG----------- 武将INFO -- 武将名称: HeroName.赵云
2025-06-30 19:04:25,975 - INFO - DEBUG----------- 武将INFO -- 武将阵营: Faction.蜀
2025-06-30 19:04:25,975 - INFO - DEBUG----------- 武将INFO -- 武将兵种: WeaponType.骑
2025-06-30 19:04:25,975 - INFO - DEBUG----------- 武将INFO -- 武将性别: 1
2025-06-30 19:04:25,975 - INFO - DEBUG----------- 武将INFO -- 初始武力: 117
2025-06-30 19:04:25,975 - INFO - DEBUG----------- 武将INFO -- 武力成长: 2.65
2025-06-30 19:04:25,975 - INFO - DEBUG----------- 武将INFO -- 初始智力: 77
2025-06-30 19:04:25,975 - INFO - DEBUG----------- 武将INFO -- 智力成长: 1.52
2025-06-30 19:04:25,975 - INFO - DEBUG----------- 武将INFO -- 初始统帅: 107
2025-06-30 19:04:25,975 - INFO - DEBUG----------- 武将INFO -- 统帅成长: 2.15
2025-06-30 19:04:25,975 - INFO - DEBUG----------- 武将INFO -- 初始先攻: 66
2025-06-30 19:04:25,975 - INFO - DEBUG----------- 武将INFO -- 先攻成长: 2.29
2025-06-30 19:04:25,975 - INFO - DEBUG----------- 武将INFO -- 自带战法: SkillName.七进七出
2025-06-30 19:04:25,975 - INFO - DEBUG------- 武将EXTRA配置成功
2025-06-30 19:04:25,975 - INFO - DEBUG----------- 武将EXTRA -- 武力加点: 10, 智力加点: 10, 统帅加点: 10, 先攻加点: 10, 武将升阶: 1, 武将升品: 1
2025-06-30 19:04:25,975 - INFO - DEBUG----------- 武将INFO -- 第一战法: None, 第一战法升阶: 0
2025-06-30 19:04:25,975 - INFO - DEBUG----------- 武将INFO -- 第二战法: None, 第二战法升阶: 0
2025-06-30 19:04:25,975 - INFO - DEBUG------- 武将INFO配置成功
2025-06-30 19:04:25,976 - INFO - DEBUG----------- 武将INFO -- 武将名称: HeroName.Sp_诸葛亮
2025-06-30 19:04:25,976 - INFO - DEBUG----------- 武将INFO -- 武将阵营: Faction.蜀
2025-06-30 19:04:25,976 - INFO - DEBUG----------- 武将INFO -- 武将兵种: WeaponType.盾
2025-06-30 19:04:25,976 - INFO - DEBUG----------- 武将INFO -- 武将性别: 1
2025-06-30 19:04:25,976 - INFO - DEBUG----------- 武将INFO -- 初始武力: 53
2025-06-30 19:04:25,976 - INFO - DEBUG----------- 武将INFO -- 武力成长: 0.56
2025-06-30 19:04:25,976 - INFO - DEBUG----------- 武将INFO -- 初始智力: 125
2025-06-30 19:04:25,976 - INFO - DEBUG----------- 武将INFO -- 智力成长: 3.0
2025-06-30 19:04:25,976 - INFO - DEBUG----------- 武将INFO -- 初始统帅: 104
2025-06-30 19:04:25,976 - INFO - DEBUG----------- 武将INFO -- 统帅成长: 2.24
2025-06-30 19:04:25,976 - INFO - DEBUG----------- 武将INFO -- 初始先攻: 61
2025-06-30 19:04:25,976 - INFO - DEBUG----------- 武将INFO -- 先攻成长: 1.71
2025-06-30 19:04:25,976 - INFO - DEBUG----------- 武将INFO -- 自带战法: SkillName.星罗棋布
2025-06-30 19:04:25,976 - INFO - DEBUG------- 武将EXTRA配置成功
2025-06-30 19:04:25,976 - INFO - DEBUG----------- 武将EXTRA -- 武力加点: 10, 智力加点: 10, 统帅加点: 10, 先攻加点: 10, 武将升阶: 1, 武将升品: 1
2025-06-30 19:04:25,976 - INFO - DEBUG----------- 武将INFO -- 第一战法: None, 第一战法升阶: 0
2025-06-30 19:04:25,976 - INFO - DEBUG----------- 武将INFO -- 第二战法: None, 第二战法升阶: 0
2025-06-30 19:04:25,976 - INFO - DEBUG------- 武将INFO配置成功
2025-06-30 19:04:25,976 - INFO - DEBUG----------- 武将INFO -- 武将名称: HeroName.甘夫人
2025-06-30 19:04:25,976 - INFO - DEBUG----------- 武将INFO -- 武将阵营: Faction.蜀
2025-06-30 19:04:25,976 - INFO - DEBUG----------- 武将INFO -- 武将兵种: WeaponType.弓
2025-06-30 19:04:25,976 - INFO - DEBUG----------- 武将INFO -- 武将性别: 0
2025-06-30 19:04:25,976 - INFO - DEBUG----------- 武将INFO -- 初始武力: 25
2025-06-30 19:04:25,976 - INFO - DEBUG----------- 武将INFO -- 武力成长: 0.29
2025-06-30 19:04:25,976 - INFO - DEBUG----------- 武将INFO -- 初始智力: 102
2025-06-30 19:04:25,977 - INFO - DEBUG----------- 武将INFO -- 智力成长: 1.95
2025-06-30 19:04:25,977 - INFO - DEBUG----------- 武将INFO -- 初始统帅: 106
2025-06-30 19:04:25,977 - INFO - DEBUG----------- 武将INFO -- 统帅成长: 1.62
2025-06-30 19:04:25,977 - INFO - DEBUG----------- 武将INFO -- 初始先攻: 90
2025-06-30 19:04:25,977 - INFO - DEBUG----------- 武将INFO -- 先攻成长: 1.68
2025-06-30 19:04:25,977 - INFO - DEBUG----------- 武将INFO -- 自带战法: SkillName.皇思淑仁
2025-06-30 19:04:25,977 - INFO - DEBUG------- 武将EXTRA配置成功
2025-06-30 19:04:25,977 - INFO - DEBUG----------- 武将EXTRA -- 武力加点: 10, 智力加点: 10, 统帅加点: 10, 先攻加点: 10, 武将升阶: 1, 武将升品: 1
2025-06-30 19:04:25,977 - INFO - DEBUG----------- 武将INFO -- 第一战法: 一夫当关, 第一战法升阶: 0
2025-06-30 19:04:25,977 - INFO - DEBUG----------- 武将INFO -- 第二战法: 万夫莫敌, 第二战法升阶: 0
2025-06-30 19:04:25,977 - INFO - DEBUG------- 武将INFO配置成功
2025-06-30 19:04:25,977 - INFO - DEBUG----------- 武将INFO -- 武将名称: HeroName.刘备
2025-06-30 19:04:25,977 - INFO - DEBUG----------- 武将INFO -- 武将阵营: Faction.蜀
2025-06-30 19:04:25,977 - INFO - DEBUG----------- 武将INFO -- 武将兵种: WeaponType.盾
2025-06-30 19:04:25,977 - INFO - DEBUG----------- 武将INFO -- 武将性别: 1
2025-06-30 19:04:25,977 - INFO - DEBUG----------- 武将INFO -- 初始武力: 80
2025-06-30 19:04:25,977 - INFO - DEBUG----------- 武将INFO -- 武力成长: 1.43
2025-06-30 19:04:25,977 - INFO - DEBUG----------- 武将INFO -- 初始智力: 94
2025-06-30 19:04:25,977 - INFO - DEBUG----------- 武将INFO -- 智力成长: 2.31
2025-06-30 19:04:25,977 - INFO - DEBUG----------- 武将INFO -- 初始统帅: 109
2025-06-30 19:04:25,977 - INFO - DEBUG----------- 武将INFO -- 统帅成长: 2.12
2025-06-30 19:04:25,977 - INFO - DEBUG----------- 武将INFO -- 初始先攻: 53
2025-06-30 19:04:25,978 - INFO - DEBUG----------- 武将INFO -- 先攻成长: 1.72
2025-06-30 19:04:25,978 - INFO - DEBUG----------- 武将INFO -- 自带战法: SkillName.携民渡江
2025-06-30 19:04:25,978 - INFO - DEBUG------- 武将EXTRA配置成功
2025-06-30 19:04:25,978 - INFO - DEBUG----------- 武将EXTRA -- 武力加点: 10, 智力加点: 10, 统帅加点: 10, 先攻加点: 10, 武将升阶: 1, 武将升品: 1
2025-06-30 19:04:25,978 - INFO - DEBUG----------- 武将INFO -- 第一战法: 一夫当关, 第一战法升阶: 0
2025-06-30 19:04:25,978 - INFO - DEBUG----------- 武将INFO -- 第二战法: 万夫莫敌, 第二战法升阶: 0
2025-06-30 19:04:25,978 - INFO - DEBUG------- 武将INFO配置成功
2025-06-30 19:04:25,978 - INFO - DEBUG----------- 武将INFO -- 武将名称: HeroName.姜维
2025-06-30 19:04:25,978 - INFO - DEBUG----------- 武将INFO -- 武将阵营: Faction.蜀
2025-06-30 19:04:25,978 - INFO - DEBUG----------- 武将INFO -- 武将兵种: WeaponType.枪
2025-06-30 19:04:25,978 - INFO - DEBUG----------- 武将INFO -- 武将性别: 1
2025-06-30 19:04:25,978 - INFO - DEBUG----------- 武将INFO -- 初始武力: 101
2025-06-30 19:04:25,978 - INFO - DEBUG----------- 武将INFO -- 武力成长: 2.39
2025-06-30 19:04:25,978 - INFO - DEBUG----------- 武将INFO -- 初始智力: 111
2025-06-30 19:04:25,978 - INFO - DEBUG----------- 武将INFO -- 智力成长: 2.52
2025-06-30 19:04:25,978 - INFO - DEBUG----------- 武将INFO -- 初始统帅: 91
2025-06-30 19:04:25,978 - INFO - DEBUG----------- 武将INFO -- 统帅成长: 2.01
2025-06-30 19:04:25,978 - INFO - DEBUG----------- 武将INFO -- 初始先攻: 76
2025-06-30 19:04:25,978 - INFO - DEBUG----------- 武将INFO -- 先攻成长: 1.99
2025-06-30 19:04:25,978 - INFO - DEBUG----------- 武将INFO -- 自带战法: SkillName.九伐中原
2025-06-30 19:04:25,978 - INFO - DEBUG------- 武将EXTRA配置成功
2025-06-30 19:04:25,978 - INFO - DEBUG----------- 武将EXTRA -- 武力加点: 10, 智力加点: 10, 统帅加点: 10, 先攻加点: 10, 武将升阶: 1, 武将升品: 1
2025-06-30 19:04:25,978 - INFO - DEBUG----------- 武将INFO -- 第一战法: 一夫当关, 第一战法升阶: 0
2025-06-30 19:04:25,978 - INFO - DEBUG----------- 武将INFO -- 第二战法: 万夫莫敌, 第二战法升阶: 0
2025-06-30 19:04:25,979 - INFO - DEBUG------- 队伍信息初始化完成: 诸葛队
2025-06-30 19:04:25,979 - INFO - DEBUG------- 队伍信息: {'formation': <Formation.雁型阵: '雁型阵'>, 'firstHeroInfo': <JDI_Hero.HeroInfo object at 0x10272ffd0>, 'secondHeroInfo': <JDI_Hero.HeroInfo object at 0x10272fe80>, 'thirdHeroInfo': <JDI_Hero.HeroInfo object at 0x10272fe50>, 'teamName': '诸葛队', 'supply': 100}
2025-06-30 19:04:25,979 - INFO - DEBUG------- 队伍信息初始化完成: 夫人队
2025-06-30 19:04:25,979 - INFO - DEBUG------- 队伍信息: {'formation': <Formation.偃月阵: '偃月阵'>, 'firstHeroInfo': <JDI_Hero.HeroInfo object at 0x1027ed420>, 'secondHeroInfo': <JDI_Hero.HeroInfo object at 0x1027ec040>, 'thirdHeroInfo': <JDI_Hero.HeroInfo object at 0x1027ec070>, 'teamName': '夫人队', 'supply': 95}
2025-06-30 19:04:25,979 - INFO - ------------ 由 [诸葛队] 对战 [夫人队]
2025-06-30 19:04:25,979 - INFO - ------------ 对抗的次数为 1
2025-06-30 19:04:25,979 - INFO - ------------ 当前第 1 次对抗测试
2025-06-30 19:04:25,979 - INFO - DEBUG------- 战场初始化完成
2025-06-30 19:04:25,979 - INFO - DEBUG------- 武将初始化成功
2025-06-30 19:04:25,979 - INFO - DEBUG------- 武将基础数值初始化完成
2025-06-30 19:04:25,979 - INFO - DEBUG------- real_wl: 270.0 = 125 + 3.0 * (50 - 5) + 10
2025-06-30 19:04:25,979 - INFO - DEBUG------- real_zl: 79.5 = 38 + 0.7 * (50 - 5) + 10
2025-06-30 19:04:25,979 - INFO - DEBUG------- real_ts: 188.05 = 93 + 1.89 * (50 - 5) + 10
2025-06-30 19:04:25,979 - INFO - DEBUG------- real_xg: 201.64999999999998 = 76 + 2.57 * (50 - 5) + 10
2025-06-30 19:04:25,979 - INFO - DEBUG------- 武将战斗数值初始化完成
2025-06-30 19:04:25,979 - INFO - DEBUG------- info -- <JDI_Hero.HeroInfo object at 0x10272ffd0>
2025-06-30 19:04:25,979 - INFO - DEBUG------- hero -- 武力: 270.0
2025-06-30 19:04:25,979 - INFO - DEBUG------- hero -- 智力: 79.5
2025-06-30 19:04:25,979 - INFO - DEBUG------- hero -- 统帅: 188.05
2025-06-30 19:04:25,980 - INFO - DEBUG------- hero -- 先攻: 201.64999999999998
2025-06-30 19:04:25,980 - INFO - DEBUG------- hero -- 被击溃状态: False
2025-06-30 19:04:25,980 - INFO - DEBUG------- hero -- 兵力: 10000
2025-06-30 19:04:25,980 - INFO - DEBUG------- hero -- 等级: 50
2025-06-30 19:04:25,980 - INFO - DEBUG------- hero -- 前排: True
2025-06-30 19:04:25,980 - INFO - DEBUG------- hero -- 已行动状态: False
2025-06-30 19:04:25,980 - INFO - DEBUG------- hero -- 受击率: 0
2025-06-30 19:04:25,980 - INFO - DEBUG------- hero -- 固定受击率: False
2025-06-30 19:04:25,980 - INFO - DEBUG------- hero -- 连击几率: 0
2025-06-30 19:04:25,980 - INFO - DEBUG------- hero -- 闪避几率: 0
2025-06-30 19:04:25,980 - INFO - DEBUG------- hero -- 会心几率: 0
2025-06-30 19:04:25,980 - INFO - DEBUG------- hero -- 奇谋几率: 0
2025-06-30 19:04:25,980 - INFO - DEBUG------- hero -- 造成伤害提升: 1
2025-06-30 19:04:25,980 - INFO - DEBUG------- hero -- 对前排造成伤害提升: 1
2025-06-30 19:04:25,980 - INFO - DEBUG------- hero -- 对后排造成伤害提升: 1
2025-06-30 19:04:25,980 - INFO - DEBUG------- hero -- 受到伤害降低: 0
2025-06-30 19:04:25,980 - INFO - DEBUG------- hero -- 受到谋略伤害降低: 0
2025-06-30 19:04:25,980 - INFO - DEBUG------- 武将技能初始化完成
2025-06-30 19:04:25,980 - INFO - DEBUG------- 武将技能信息: {'inputName': <SkillName.骁勇无前: '骁勇无前'>}
2025-06-30 19:04:25,980 - INFO - DEBUG------- 设置战法升阶: 1
2025-06-30 19:04:25,980 - INFO - DEBUG------- 武将技能初始化失败
2025-06-30 19:04:25,980 - INFO - DEBUG------- 设置战法升阶: 0
2025-06-30 19:04:25,980 - INFO - DEBUG------- 武将技能初始化失败
2025-06-30 19:04:25,980 - INFO - DEBUG------- 设置战法升阶: 0
2025-06-30 19:04:25,980 - INFO - DEBUG------- 武将初始化成功
2025-06-30 19:04:25,981 - INFO - DEBUG------- 武将基础数值初始化完成
2025-06-30 19:04:25,981 - INFO - DEBUG------- real_wl: 246.25 = 117 + 2.65 * (50 - 5) + 10
2025-06-30 19:04:25,981 - INFO - DEBUG------- real_zl: 155.4 = 77 + 1.52 * (50 - 5) + 10
2025-06-30 19:04:25,981 - INFO - DEBUG------- real_ts: 213.75 = 107 + 2.15 * (50 - 5) + 10
2025-06-30 19:04:25,981 - INFO - DEBUG------- real_xg: 179.05 = 66 + 2.29 * (50 - 5) + 10
2025-06-30 19:04:25,981 - INFO - DEBUG------- 武将战斗数值初始化完成
2025-06-30 19:04:25,981 - INFO - DEBUG------- info -- <JDI_Hero.HeroInfo object at 0x10272fe80>
2025-06-30 19:04:25,981 - INFO - DEBUG------- hero -- 武力: 246.25
2025-06-30 19:04:25,981 - INFO - DEBUG------- hero -- 智力: 155.4
2025-06-30 19:04:25,981 - INFO - DEBUG------- hero -- 统帅: 213.75
2025-06-30 19:04:25,981 - INFO - DEBUG------- hero -- 先攻: 179.05
2025-06-30 19:04:25,981 - INFO - DEBUG------- hero -- 被击溃状态: False
2025-06-30 19:04:25,981 - INFO - DEBUG------- hero -- 兵力: 10000
2025-06-30 19:04:25,981 - INFO - DEBUG------- hero -- 等级: 50
2025-06-30 19:04:25,981 - INFO - DEBUG------- hero -- 前排: True
2025-06-30 19:04:25,981 - INFO - DEBUG------- hero -- 已行动状态: False
2025-06-30 19:04:25,981 - INFO - DEBUG------- hero -- 受击率: 0
2025-06-30 19:04:25,981 - INFO - DEBUG------- hero -- 固定受击率: False
2025-06-30 19:04:25,981 - INFO - DEBUG------- hero -- 连击几率: 0
2025-06-30 19:04:25,981 - INFO - DEBUG------- hero -- 闪避几率: 0
2025-06-30 19:04:25,981 - INFO - DEBUG------- hero -- 会心几率: 0
2025-06-30 19:04:25,981 - INFO - DEBUG------- hero -- 奇谋几率: 0
2025-06-30 19:04:25,981 - INFO - DEBUG------- hero -- 造成伤害提升: 1
2025-06-30 19:04:25,981 - INFO - DEBUG------- hero -- 对前排造成伤害提升: 1
2025-06-30 19:04:25,981 - INFO - DEBUG------- hero -- 对后排造成伤害提升: 1
2025-06-30 19:04:25,981 - INFO - DEBUG------- hero -- 受到伤害降低: 0
2025-06-30 19:04:25,981 - INFO - DEBUG------- hero -- 受到谋略伤害降低: 0
2025-06-30 19:04:25,981 - INFO - DEBUG------- 武将技能初始化完成
2025-06-30 19:04:25,981 - INFO - DEBUG------- 武将技能信息: {'inputName': <SkillName.七进七出: '七进七出'>}
2025-06-30 19:04:25,981 - INFO - DEBUG------- 设置战法升阶: 1
2025-06-30 19:04:25,982 - INFO - DEBUG------- 武将技能初始化失败
2025-06-30 19:04:25,982 - INFO - DEBUG------- 设置战法升阶: 0
2025-06-30 19:04:25,982 - INFO - DEBUG------- 武将技能初始化失败
2025-06-30 19:04:25,982 - INFO - DEBUG------- 设置战法升阶: 0
2025-06-30 19:04:25,982 - INFO - DEBUG------- 武将初始化成功
2025-06-30 19:04:25,982 - INFO - DEBUG------- 武将基础数值初始化完成
2025-06-30 19:04:25,982 - INFO - DEBUG------- real_wl: 88.2 = 53 + 0.56 * (50 - 5) + 10
2025-06-30 19:04:25,982 - INFO - DEBUG------- real_zl: 270.0 = 125 + 3.0 * (50 - 5) + 10
2025-06-30 19:04:25,982 - INFO - DEBUG------- real_ts: 214.8 = 104 + 2.24 * (50 - 5) + 10
2025-06-30 19:04:25,982 - INFO - DEBUG------- real_xg: 147.95 = 61 + 1.71 * (50 - 5) + 10
2025-06-30 19:04:25,982 - INFO - DEBUG------- 武将战斗数值初始化完成
2025-06-30 19:04:25,982 - INFO - DEBUG------- info -- <JDI_Hero.HeroInfo object at 0x10272fe50>
2025-06-30 19:04:25,982 - INFO - DEBUG------- hero -- 武力: 88.2
2025-06-30 19:04:25,982 - INFO - DEBUG------- hero -- 智力: 270.0
2025-06-30 19:04:25,982 - INFO - DEBUG------- hero -- 统帅: 214.8
2025-06-30 19:04:25,982 - INFO - DEBUG------- hero -- 先攻: 147.95
2025-06-30 19:04:25,982 - INFO - DEBUG------- hero -- 被击溃状态: False
2025-06-30 19:04:25,982 - INFO - DEBUG------- hero -- 兵力: 10000
2025-06-30 19:04:25,982 - INFO - DEBUG------- hero -- 等级: 50
2025-06-30 19:04:25,982 - INFO - DEBUG------- hero -- 前排: True
2025-06-30 19:04:25,982 - INFO - DEBUG------- hero -- 已行动状态: False
2025-06-30 19:04:25,982 - INFO - DEBUG------- hero -- 受击率: 0
2025-06-30 19:04:25,982 - INFO - DEBUG------- hero -- 固定受击率: False
2025-06-30 19:04:25,982 - INFO - DEBUG------- hero -- 连击几率: 0
2025-06-30 19:04:25,982 - INFO - DEBUG------- hero -- 闪避几率: 0
2025-06-30 19:04:25,982 - INFO - DEBUG------- hero -- 会心几率: 0
2025-06-30 19:04:25,982 - INFO - DEBUG------- hero -- 奇谋几率: 0
2025-06-30 19:04:25,982 - INFO - DEBUG------- hero -- 造成伤害提升: 1
2025-06-30 19:04:25,982 - INFO - DEBUG------- hero -- 对前排造成伤害提升: 1
2025-06-30 19:04:25,983 - INFO - DEBUG------- hero -- 对后排造成伤害提升: 1
2025-06-30 19:04:25,983 - INFO - DEBUG------- hero -- 受到伤害降低: 0
2025-06-30 19:04:25,983 - INFO - DEBUG------- hero -- 受到谋略伤害降低: 0
2025-06-30 19:04:25,983 - INFO - DEBUG------- 武将技能初始化完成
2025-06-30 19:04:25,983 - INFO - DEBUG------- 武将技能信息: {'inputName': <SkillName.星罗棋布: '星罗棋布'>, '战法名称': <SkillName.星罗棋布: '星罗棋布'>, '战法类型': <SkillType.指挥: '指挥'>, '战法响应时机列表': [<ResponseStatus.阵型结束: '阵型结束'>, <ResponseStatus.战法布阵开始: '战法布阵开始'>]}
2025-06-30 19:04:25,983 - INFO - DEBUG------- 设置战法升阶: 1
2025-06-30 19:04:25,983 - INFO - DEBUG------- 武将技能初始化失败
2025-06-30 19:04:25,983 - INFO - DEBUG------- 设置战法升阶: 0
2025-06-30 19:04:25,983 - INFO - DEBUG------- 武将技能初始化失败
2025-06-30 19:04:25,983 - INFO - DEBUG------- 设置战法升阶: 0
2025-06-30 19:04:25,983 - INFO - DEBUG------- 武将初始化成功
2025-06-30 19:04:25,983 - INFO - DEBUG------- 武将基础数值初始化完成
2025-06-30 19:04:25,983 - INFO - DEBUG------- real_wl: 48.05 = 25 + 0.29 * (50 - 5) + 10
2025-06-30 19:04:25,983 - INFO - DEBUG------- real_zl: 199.75 = 102 + 1.95 * (50 - 5) + 10
2025-06-30 19:04:25,983 - INFO - DEBUG------- real_ts: 188.9 = 106 + 1.62 * (50 - 5) + 10
2025-06-30 19:04:25,983 - INFO - DEBUG------- real_xg: 175.6 = 90 + 1.68 * (50 - 5) + 10
2025-06-30 19:04:25,983 - INFO - DEBUG------- 武将战斗数值初始化完成
2025-06-30 19:04:25,983 - INFO - DEBUG------- info -- <JDI_Hero.HeroInfo object at 0x1027ed420>
2025-06-30 19:04:25,983 - INFO - DEBUG------- hero -- 武力: 48.05
2025-06-30 19:04:25,983 - INFO - DEBUG------- hero -- 智力: 199.75
2025-06-30 19:04:25,983 - INFO - DEBUG------- hero -- 统帅: 188.9
2025-06-30 19:04:25,983 - INFO - DEBUG------- hero -- 先攻: 175.6
2025-06-30 19:04:25,983 - INFO - DEBUG------- hero -- 被击溃状态: False
2025-06-30 19:04:25,983 - INFO - DEBUG------- hero -- 兵力: 10000
2025-06-30 19:04:25,983 - INFO - DEBUG------- hero -- 等级: 50
2025-06-30 19:04:25,983 - INFO - DEBUG------- hero -- 前排: True
2025-06-30 19:04:25,983 - INFO - DEBUG------- hero -- 已行动状态: False
2025-06-30 19:04:25,983 - INFO - DEBUG------- hero -- 受击率: 0
2025-06-30 19:04:25,983 - INFO - DEBUG------- hero -- 固定受击率: False
2025-06-30 19:04:25,984 - INFO - DEBUG------- hero -- 连击几率: 0
2025-06-30 19:04:25,984 - INFO - DEBUG------- hero -- 闪避几率: 0
2025-06-30 19:04:25,984 - INFO - DEBUG------- hero -- 会心几率: 0
2025-06-30 19:04:25,984 - INFO - DEBUG------- hero -- 奇谋几率: 0
2025-06-30 19:04:25,984 - INFO - DEBUG------- hero -- 造成伤害提升: 1
2025-06-30 19:04:25,984 - INFO - DEBUG------- hero -- 对前排造成伤害提升: 1
2025-06-30 19:04:25,984 - INFO - DEBUG------- hero -- 对后排造成伤害提升: 1
2025-06-30 19:04:25,984 - INFO - DEBUG------- hero -- 受到伤害降低: 0
2025-06-30 19:04:25,984 - INFO - DEBUG------- hero -- 受到谋略伤害降低: 0
2025-06-30 19:04:25,984 - INFO - DEBUG------- 武将技能初始化完成
2025-06-30 19:04:25,984 - INFO - DEBUG------- 武将技能信息: {'inputName': <SkillName.皇思淑仁: '皇思淑仁'>}
2025-06-30 19:04:25,984 - INFO - DEBUG------- 设置战法升阶: 1
2025-06-30 19:04:25,984 - INFO - DEBUG------- 武将技能初始化失败
2025-06-30 19:04:25,984 - INFO - DEBUG------- 设置战法升阶: 0
2025-06-30 19:04:25,984 - INFO - DEBUG------- 武将技能初始化失败
2025-06-30 19:04:25,984 - INFO - DEBUG------- 设置战法升阶: 0
2025-06-30 19:04:25,984 - INFO - DEBUG------- 武将初始化成功
2025-06-30 19:04:25,984 - INFO - DEBUG------- 武将基础数值初始化完成
2025-06-30 19:04:25,984 - INFO - DEBUG------- real_wl: 154.35 = 80 + 1.43 * (50 - 5) + 10
2025-06-30 19:04:25,984 - INFO - DEBUG------- real_zl: 207.95 = 94 + 2.31 * (50 - 5) + 10
2025-06-30 19:04:25,984 - INFO - DEBUG------- real_ts: 214.4 = 109 + 2.12 * (50 - 5) + 10
2025-06-30 19:04:25,984 - INFO - DEBUG------- real_xg: 140.4 = 53 + 1.72 * (50 - 5) + 10
2025-06-30 19:04:25,984 - INFO - DEBUG------- 武将战斗数值初始化完成
2025-06-30 19:04:25,984 - INFO - DEBUG------- info -- <JDI_Hero.HeroInfo object at 0x1027ec040>
2025-06-30 19:04:25,984 - INFO - DEBUG------- hero -- 武力: 154.35
2025-06-30 19:04:25,984 - INFO - DEBUG------- hero -- 智力: 207.95
2025-06-30 19:04:25,984 - INFO - DEBUG------- hero -- 统帅: 214.4
2025-06-30 19:04:25,985 - INFO - DEBUG------- hero -- 先攻: 140.4
2025-06-30 19:04:25,985 - INFO - DEBUG------- hero -- 被击溃状态: False
2025-06-30 19:04:25,985 - INFO - DEBUG------- hero -- 兵力: 10000
2025-06-30 19:04:25,985 - INFO - DEBUG------- hero -- 等级: 50
2025-06-30 19:04:25,985 - INFO - DEBUG------- hero -- 前排: True
2025-06-30 19:04:25,985 - INFO - DEBUG------- hero -- 已行动状态: False
2025-06-30 19:04:25,985 - INFO - DEBUG------- hero -- 受击率: 0
2025-06-30 19:04:25,985 - INFO - DEBUG------- hero -- 固定受击率: False
2025-06-30 19:04:25,985 - INFO - DEBUG------- hero -- 连击几率: 0
2025-06-30 19:04:25,985 - INFO - DEBUG------- hero -- 闪避几率: 0
2025-06-30 19:04:25,985 - INFO - DEBUG------- hero -- 会心几率: 0
2025-06-30 19:04:25,985 - INFO - DEBUG------- hero -- 奇谋几率: 0
2025-06-30 19:04:25,985 - INFO - DEBUG------- hero -- 造成伤害提升: 1
2025-06-30 19:04:25,985 - INFO - DEBUG------- hero -- 对前排造成伤害提升: 1
2025-06-30 19:04:25,985 - INFO - DEBUG------- hero -- 对后排造成伤害提升: 1
2025-06-30 19:04:25,985 - INFO - DEBUG------- hero -- 受到伤害降低: 0
2025-06-30 19:04:25,985 - INFO - DEBUG------- hero -- 受到谋略伤害降低: 0
2025-06-30 19:04:25,985 - INFO - DEBUG------- 武将技能初始化完成
2025-06-30 19:04:25,985 - INFO - DEBUG------- 武将技能信息: {'inputName': <SkillName.携民渡江: '携民渡江'>}
2025-06-30 19:04:25,985 - INFO - DEBUG------- 设置战法升阶: 1
2025-06-30 19:04:25,985 - INFO - DEBUG------- 武将技能初始化失败
2025-06-30 19:04:25,985 - INFO - DEBUG------- 设置战法升阶: 0
2025-06-30 19:04:25,985 - INFO - DEBUG------- 武将技能初始化失败
2025-06-30 19:04:25,985 - INFO - DEBUG------- 设置战法升阶: 0
2025-06-30 19:04:25,985 - INFO - DEBUG------- 武将初始化成功
2025-06-30 19:04:25,985 - INFO - DEBUG------- 武将基础数值初始化完成
2025-06-30 19:04:25,985 - INFO - DEBUG------- real_wl: 218.55 = 101 + 2.39 * (50 - 5) + 10
2025-06-30 19:04:25,986 - INFO - DEBUG------- real_zl: 234.4 = 111 + 2.52 * (50 - 5) + 10
2025-06-30 19:04:25,986 - INFO - DEBUG------- real_ts: 191.45 = 91 + 2.01 * (50 - 5) + 10
2025-06-30 19:04:25,986 - INFO - DEBUG------- real_xg: 175.55 = 76 + 1.99 * (50 - 5) + 10
2025-06-30 19:04:25,986 - INFO - DEBUG------- 武将战斗数值初始化完成
2025-06-30 19:04:25,986 - INFO - DEBUG------- info -- <JDI_Hero.HeroInfo object at 0x1027ec070>
2025-06-30 19:04:25,986 - INFO - DEBUG------- hero -- 武力: 218.55
2025-06-30 19:04:25,986 - INFO - DEBUG------- hero -- 智力: 234.4
2025-06-30 19:04:25,986 - INFO - DEBUG------- hero -- 统帅: 191.45
2025-06-30 19:04:25,986 - INFO - DEBUG------- hero -- 先攻: 175.55
2025-06-30 19:04:25,986 - INFO - DEBUG------- hero -- 被击溃状态: False
2025-06-30 19:04:25,986 - INFO - DEBUG------- hero -- 兵力: 10000
2025-06-30 19:04:25,986 - INFO - DEBUG------- hero -- 等级: 50
2025-06-30 19:04:25,986 - INFO - DEBUG------- hero -- 前排: True
2025-06-30 19:04:25,986 - INFO - DEBUG------- hero -- 已行动状态: False
2025-06-30 19:04:25,986 - INFO - DEBUG------- hero -- 受击率: 0
2025-06-30 19:04:25,986 - INFO - DEBUG------- hero -- 固定受击率: False
2025-06-30 19:04:25,986 - INFO - DEBUG------- hero -- 连击几率: 0
2025-06-30 19:04:25,986 - INFO - DEBUG------- hero -- 闪避几率: 0
2025-06-30 19:04:25,986 - INFO - DEBUG------- hero -- 会心几率: 0
2025-06-30 19:04:25,986 - INFO - DEBUG------- hero -- 奇谋几率: 0
2025-06-30 19:04:25,986 - INFO - DEBUG------- hero -- 造成伤害提升: 1
2025-06-30 19:04:25,986 - INFO - DEBUG------- hero -- 对前排造成伤害提升: 1
2025-06-30 19:04:25,986 - INFO - DEBUG------- hero -- 对后排造成伤害提升: 1
2025-06-30 19:04:25,986 - INFO - DEBUG------- hero -- 受到伤害降低: 0
2025-06-30 19:04:25,986 - INFO - DEBUG------- hero -- 受到谋略伤害降低: 0
2025-06-30 19:04:25,986 - INFO - DEBUG------- 武将技能初始化完成
2025-06-30 19:04:25,986 - INFO - DEBUG------- 武将技能信息: {'inputName': <SkillName.九伐中原: '九伐中原'>}
2025-06-30 19:04:25,986 - INFO - DEBUG------- 设置战法升阶: 1
2025-06-30 19:04:25,986 - INFO - DEBUG------- 武将技能初始化失败
2025-06-30 19:04:25,986 - INFO - DEBUG------- 设置战法升阶: 0
2025-06-30 19:04:25,987 - INFO - DEBUG------- 武将技能初始化失败
2025-06-30 19:04:25,987 - INFO - DEBUG------- 设置战法升阶: 0
2025-06-30 19:04:25,987 - INFO - 
[第 1 局]
2025-06-30 19:04:25,987 - INFO - DEBUG------- 武将初始化成功
2025-06-30 19:04:25,987 - INFO - DEBUG------- 武将基础数值初始化完成
2025-06-30 19:04:25,987 - INFO - DEBUG------- real_wl: 270.0 = 125 + 3.0 * (50 - 5) + 10
2025-06-30 19:04:25,987 - INFO - DEBUG------- real_zl: 79.5 = 38 + 0.7 * (50 - 5) + 10
2025-06-30 19:04:25,987 - INFO - DEBUG------- real_ts: 188.05 = 93 + 1.89 * (50 - 5) + 10
2025-06-30 19:04:25,987 - INFO - DEBUG------- real_xg: 201.64999999999998 = 76 + 2.57 * (50 - 5) + 10
2025-06-30 19:04:25,987 - INFO - DEBUG------- 武将战斗数值初始化完成
2025-06-30 19:04:25,987 - INFO - DEBUG------- 武将初始化成功
2025-06-30 19:04:25,987 - INFO - DEBUG------- 武将基础数值初始化完成
2025-06-30 19:04:25,987 - INFO - DEBUG------- real_wl: 246.25 = 117 + 2.65 * (50 - 5) + 10
2025-06-30 19:04:25,987 - INFO - DEBUG------- real_zl: 155.4 = 77 + 1.52 * (50 - 5) + 10
2025-06-30 19:04:25,987 - INFO - DEBUG------- real_ts: 213.75 = 107 + 2.15 * (50 - 5) + 10
2025-06-30 19:04:25,987 - INFO - DEBUG------- real_xg: 179.05 = 66 + 2.29 * (50 - 5) + 10
2025-06-30 19:04:25,987 - INFO - DEBUG------- 武将战斗数值初始化完成
2025-06-30 19:04:25,987 - INFO - DEBUG------- 武将初始化成功
2025-06-30 19:04:25,987 - INFO - DEBUG------- 武将基础数值初始化完成
2025-06-30 19:04:25,987 - INFO - DEBUG------- real_wl: 88.2 = 53 + 0.56 * (50 - 5) + 10
2025-06-30 19:04:25,987 - INFO - DEBUG------- real_zl: 270.0 = 125 + 3.0 * (50 - 5) + 10
2025-06-30 19:04:25,987 - INFO - DEBUG------- real_ts: 214.8 = 104 + 2.24 * (50 - 5) + 10
2025-06-30 19:04:25,987 - INFO - DEBUG------- real_xg: 147.95 = 61 + 1.71 * (50 - 5) + 10
2025-06-30 19:04:25,987 - INFO - DEBUG------- 武将战斗数值初始化完成
2025-06-30 19:04:25,987 - INFO - DEBUG------- 武将初始化成功
2025-06-30 19:04:25,987 - INFO - DEBUG------- 武将基础数值初始化完成
2025-06-30 19:04:25,987 - INFO - DEBUG------- real_wl: 48.05 = 25 + 0.29 * (50 - 5) + 10
2025-06-30 19:04:25,987 - INFO - DEBUG------- real_zl: 199.75 = 102 + 1.95 * (50 - 5) + 10
2025-06-30 19:04:25,988 - INFO - DEBUG------- real_ts: 188.9 = 106 + 1.62 * (50 - 5) + 10
2025-06-30 19:04:25,988 - INFO - DEBUG------- real_xg: 175.6 = 90 + 1.68 * (50 - 5) + 10
2025-06-30 19:04:25,988 - INFO - DEBUG------- 武将战斗数值初始化完成
2025-06-30 19:04:25,988 - INFO - DEBUG------- 武将初始化成功
2025-06-30 19:04:25,988 - INFO - DEBUG------- 武将基础数值初始化完成
2025-06-30 19:04:25,988 - INFO - DEBUG------- real_wl: 154.35 = 80 + 1.43 * (50 - 5) + 10
2025-06-30 19:04:25,988 - INFO - DEBUG------- real_zl: 207.95 = 94 + 2.31 * (50 - 5) + 10
2025-06-30 19:04:25,988 - INFO - DEBUG------- real_ts: 214.4 = 109 + 2.12 * (50 - 5) + 10
2025-06-30 19:04:25,988 - INFO - DEBUG------- real_xg: 140.4 = 53 + 1.72 * (50 - 5) + 10
2025-06-30 19:04:25,988 - INFO - DEBUG------- 武将战斗数值初始化完成
2025-06-30 19:04:25,988 - INFO - DEBUG------- 武将初始化成功
2025-06-30 19:04:25,988 - INFO - DEBUG------- 武将基础数值初始化完成
2025-06-30 19:04:25,988 - INFO - DEBUG------- real_wl: 218.55 = 101 + 2.39 * (50 - 5) + 10
2025-06-30 19:04:25,988 - INFO - DEBUG------- real_zl: 234.4 = 111 + 2.52 * (50 - 5) + 10
2025-06-30 19:04:25,988 - INFO - DEBUG------- real_ts: 191.45 = 91 + 2.01 * (50 - 5) + 10
2025-06-30 19:04:25,988 - INFO - DEBUG------- real_xg: 175.55 = 76 + 1.99 * (50 - 5) + 10
2025-06-30 19:04:25,988 - INFO - DEBUG------- 武将战斗数值初始化完成
2025-06-30 19:04:25,991 - INFO - DEBUG------- 填充指挥战法 -- 当前行动队列 --【[<JDI_Hero.Hero object at 0x1027ec310>, <JDI_Hero.Hero object at 0x1027ec460>, <JDI_Hero.Hero object at 0x1027ec670>, <JDI_Hero.Hero object at 0x1027ec8b0>, <JDI_Hero.Hero object at 0x1027ec550>, <JDI_Hero.Hero object at 0x1027ec790>]】
2025-06-30 19:04:25,991 - INFO - DEBUG------- 填充指挥战法 -- 当前检索武将【吕布】
2025-06-30 19:04:25,991 - INFO - DEBUG------- 填充指挥战法 -- 当前检索战法类型【None】
2025-06-30 19:04:25,991 - INFO - DEBUG------- 填充指挥战法 -- 当前检索武将【赵云】
2025-06-30 19:04:25,991 - INFO - DEBUG------- 填充指挥战法 -- 当前检索战法类型【None】
2025-06-30 19:04:25,991 - INFO - DEBUG------- 填充指挥战法 -- 当前检索武将【甘夫人】
2025-06-30 19:04:25,991 - INFO - DEBUG------- 填充指挥战法 -- 当前检索战法类型【None】
2025-06-30 19:04:25,991 - INFO - DEBUG------- 填充指挥战法 -- 当前检索武将【姜维】
2025-06-30 19:04:25,991 - INFO - DEBUG------- 填充指挥战法 -- 当前检索战法类型【None】
2025-06-30 19:04:25,992 - INFO - DEBUG------- 填充指挥战法 -- 当前检索武将【Sp_诸葛亮】
2025-06-30 19:04:25,992 - INFO - DEBUG------- 填充指挥战法 -- 当前检索战法类型【SkillType.指挥】
2025-06-30 19:04:25,992 - INFO - DEBUG------- 填充指挥战法 -- 成功填充指挥战法【SkillName.星罗棋布】
2025-06-30 19:04:25,992 - INFO - DEBUG------- 填充指挥战法 -- 当前检索武将【刘备】
2025-06-30 19:04:25,992 - INFO - DEBUG------- 填充指挥战法 -- 当前检索战法类型【None】
2025-06-30 19:04:25,992 - INFO - [列队布阵阶段]
2025-06-30 19:04:25,992 - INFO -   [诸葛队]的补给为100，造成伤害降低0%
2025-06-30 19:04:25,992 - INFO -   [夫人队]的补给为95，造成伤害降低10%
2025-06-30 19:04:25,992 - INFO -         [甘夫人]的【造成伤害】降低10.00%(90.00%)
2025-06-30 19:04:25,993 - INFO -         [刘备]的【造成伤害】降低10.00%(90.00%)
2025-06-30 19:04:25,993 - INFO -         [姜维]的【造成伤害】降低10.00%(90.00%)
2025-06-30 19:04:25,993 - INFO -   [诸葛队]获得【阵型-雁型阵】强化效果
2025-06-30 19:04:25,993 - INFO -         [吕布]的【造成伤害】提升15.00%(115.00%)
2025-06-30 19:04:25,993 - INFO -         [赵云]的【统帅】提升20.00(233.75)
2025-06-30 19:04:25,993 - INFO -         [Sp_诸葛亮]的【统帅】提升20.00(234.80)
2025-06-30 19:04:25,993 - INFO - DEBUG------- 当前响应时机为: ResponseStatus.阵型结束
2025-06-30 19:04:25,993 - INFO - DEBUG------- 当前检索战法响应时机为: [<ResponseStatus.阵型结束: '阵型结束'>, <ResponseStatus.战法布阵开始: '战法布阵开始'>]
2025-06-30 19:04:25,993 - INFO - DEBUG------- 当前检索成功 武将: HeroName.Sp_诸葛亮
2025-06-30 19:04:25,993 - INFO - DEBUG------- 当前检索成功 战法: SkillName.星罗棋布
2025-06-30 19:04:25,993 - INFO -   [Sp_诸葛亮]发动战法【星罗棋布】
2025-06-30 19:04:25,993 - INFO -         [吕布]执行来自【星罗棋布】的[星罗棋布-阵型]效果
2025-06-30 19:04:25,993 - INFO -         [吕布]的【造成伤害】提升16.20%(131.20%)
2025-06-30 19:04:25,993 - INFO -         [赵云]执行来自【星罗棋布】的[星罗棋布-阵型]效果
2025-06-30 19:04:25,993 - INFO -         [赵云]的【统帅】提升21.60(255.35)
2025-06-30 19:04:25,994 - INFO -         [Sp_诸葛亮]执行来自【星罗棋布】的[星罗棋布-阵型]效果
2025-06-30 19:04:25,994 - INFO -         [Sp_诸葛亮]的【统帅】提升21.60(256.40)
2025-06-30 19:04:25,994 - INFO -   [夫人队]获得【阵型-偃月阵】强化效果
2025-06-30 19:04:25,994 - INFO -         [甘夫人]的【造成伤害】提升14.00%(104.00%)
2025-06-30 19:04:25,994 - INFO -         [姜维]的【造成伤害】提升14.00%(104.00%)
2025-06-30 19:04:25,994 - INFO -         [刘备]的【受到伤害】降低5.00%(-5.00%)
2025-06-30 19:04:25,994 - INFO - DEBUG------- 当前响应时机为: ResponseStatus.阵型结束
2025-06-30 19:04:25,994 - INFO - DEBUG------- 当前检索战法响应时机为: [<ResponseStatus.阵型结束: '阵型结束'>, <ResponseStatus.战法布阵开始: '战法布阵开始'>]
2025-06-30 19:04:25,994 - INFO - DEBUG------- 当前检索成功 武将: HeroName.Sp_诸葛亮
2025-06-30 19:04:25,994 - INFO - DEBUG------- 当前检索成功 战法: SkillName.星罗棋布
2025-06-30 19:04:25,994 - INFO -   [Sp_诸葛亮]发动战法【星罗棋布】
2025-06-30 19:04:25,994 - INFO -         [甘夫人]执行来自【星罗棋布】的[星罗棋布-阵型]效果
2025-06-30 19:04:25,994 - INFO -         [甘夫人]的【造成伤害】提升15.12%(119.12%)
2025-06-30 19:04:25,994 - INFO -         [姜维]执行来自【星罗棋布】的[星罗棋布-阵型]效果
2025-06-30 19:04:25,994 - INFO -         [姜维]的【造成伤害】提升15.12%(119.12%)
2025-06-30 19:04:25,994 - INFO -         [刘备]执行来自【星罗棋布】的[星罗棋布-阵型]效果
2025-06-30 19:04:25,994 - INFO -         [刘备]的【受到伤害】降低5.13%(-10.13%)
2025-06-30 19:04:25,994 - INFO -  【诸葛队】获得【蜀】强化效果,属性提升 5.0%
2025-06-30 19:04:25,995 - INFO -         [吕布]的【武力】提升13.50(283.50)
2025-06-30 19:04:25,995 - INFO -         [吕布]的【智力】提升3.98(83.47)
2025-06-30 19:04:25,995 - INFO -         [吕布]的【统帅】提升9.40(197.45)
2025-06-30 19:04:25,995 - INFO -         [吕布]的【先攻】提升10.08(211.73)
2025-06-30 19:04:25,995 - INFO -         [赵云]的【武力】提升12.31(258.56)
2025-06-30 19:04:25,995 - INFO -         [赵云]的【智力】提升7.77(163.17)
2025-06-30 19:04:25,995 - INFO -         [赵云]的【统帅】提升12.77(268.11)
2025-06-30 19:04:25,995 - INFO -         [赵云]的【先攻】提升8.95(188.00)
2025-06-30 19:04:25,995 - INFO -         [Sp_诸葛亮]的【武力】提升4.41(92.61)
2025-06-30 19:04:25,995 - INFO -         [Sp_诸葛亮]的【智力】提升13.50(283.50)
2025-06-30 19:04:25,995 - INFO -         [Sp_诸葛亮]的【统帅】提升12.82(269.22)
2025-06-30 19:04:25,995 - INFO -         [Sp_诸葛亮]的【先攻】提升7.40(155.35)
2025-06-30 19:04:25,995 - INFO -  【夫人队】获得【蜀】强化效果,属性提升10.0%
2025-06-30 19:04:25,995 - INFO -         [甘夫人]的【武力】提升4.80(52.85)
2025-06-30 19:04:25,995 - INFO -         [甘夫人]的【智力】提升19.98(219.72)
2025-06-30 19:04:25,995 - INFO -         [甘夫人]的【统帅】提升18.89(207.79)
2025-06-30 19:04:25,995 - INFO -         [甘夫人]的【先攻】提升17.56(193.16)
2025-06-30 19:04:25,995 - INFO -         [刘备]的【武力】提升15.44(169.78)
2025-06-30 19:04:25,995 - INFO -         [刘备]的【智力】提升20.80(228.75)
2025-06-30 19:04:25,995 - INFO -         [刘备]的【统帅】提升21.44(235.84)
2025-06-30 19:04:25,995 - INFO -         [刘备]的【先攻】提升14.04(154.44)
2025-06-30 19:04:25,995 - INFO -         [姜维]的【武力】提升21.86(240.41)
2025-06-30 19:04:25,996 - INFO -         [姜维]的【智力】提升23.44(257.84)
2025-06-30 19:04:25,996 - INFO -         [姜维]的【统帅】提升19.14(210.59)
2025-06-30 19:04:25,996 - INFO -         [姜维]的【先攻】提升17.56(193.11)
2025-06-30 19:04:25,996 - INFO -  【诸葛队】获得【兵种-骑】强化效果
2025-06-30 19:04:25,996 - INFO -         [吕布]的【造成伤害】提升1.40%(132.60%)
2025-06-30 19:04:25,996 - INFO -         [吕布]的【受到伤害】降低2.10%(-2.10%)
2025-06-30 19:04:25,996 - INFO -         [赵云]的【造成伤害】提升1.40%(101.40%)
2025-06-30 19:04:25,996 - INFO -         [赵云]的【受到伤害】降低2.10%(-2.10%)
2025-06-30 19:04:25,996 - INFO -         [Sp_诸葛亮]的【造成伤害】提升1.40%(101.40%)
2025-06-30 19:04:25,996 - INFO -         [Sp_诸葛亮]的【受到伤害】降低2.10%(-2.10%)
2025-06-30 19:04:25,996 - INFO - DEBUG------- 当前响应时机为: ResponseStatus.战法布阵开始
2025-06-30 19:04:25,996 - INFO - DEBUG------- 当前检索战法响应时机为: [<ResponseStatus.阵型结束: '阵型结束'>, <ResponseStatus.战法布阵开始: '战法布阵开始'>]
2025-06-30 19:04:25,996 - INFO - DEBUG------- 当前检索成功 武将: HeroName.Sp_诸葛亮
2025-06-30 19:04:25,996 - INFO - DEBUG------- 当前检索成功 战法: SkillName.星罗棋布
2025-06-30 19:04:25,996 - INFO -   [Sp_诸葛亮]发动战法【星罗棋布】
2025-06-30 19:04:25,996 - INFO -         [吕布]的【受到谋略伤害】降低13.95%(-13.95%)
2025-06-30 19:04:25,996 - INFO -         [赵云]的【受到谋略伤害】降低13.95%(-13.95%)
2025-06-30 19:04:25,996 - INFO -         [Sp_诸葛亮]的【受到谋略伤害】降低18.13%(-18.13%)
2025-06-30 19:04:25,996 - INFO -         [Sp_诸葛亮]执行来自【星罗棋布】的[星罗棋布-额外效果]效果
2025-06-30 19:04:25,996 - INFO -         [Sp_诸葛亮]执行来自【星罗棋布】的[星罗棋布-双前排阵型]效果
2025-06-30 19:04:25,996 - INFO -         [吕布]的【对前排造成伤害】提升20.00%(120.00%)
2025-06-30 19:04:25,996 - INFO -         [吕布]的【星罗棋布-双前排阵型】效果已施加
2025-06-30 19:04:25,997 - INFO - ------------ 当前对 夫人队 的第 1 次对抗测试结束
2025-06-30 19:04:25,997 - INFO - ------------ [诸葛队] 获胜 1 场，[夫人队] 获胜 0 场
