2025-07-07 18:10:31,186 - INFO - ------------ 当前选择的模式是:1_VS_1
2025-07-07 18:10:31,187 - INFO - ------------ 由 [诸葛队] 对战 [夫人队]
2025-07-07 18:10:31,187 - INFO - ------------ 对抗的次数为 1
2025-07-07 18:10:31,187 - INFO - ------------ 当前第 1 次对抗测试
2025-07-07 18:10:31,189 - INFO - 
[第 1 局]
2025-07-07 18:10:31,189 - INFO - [列队布阵阶段]
2025-07-07 18:10:31,189 - INFO -   [诸葛队]当前补给为100,造成伤害降低0%
2025-07-07 18:10:31,189 - INFO -   [夫人队]当前补给为100,造成伤害降低0%
2025-07-07 18:10:31,189 - INFO -   [诸葛队]获得【阵型-雁型阵】强化效果
2025-07-07 18:10:31,189 - INFO -         [诸葛亮]的【造成伤害】提升15.00%(115.00%)
2025-07-07 18:10:31,189 - INFO -         [Sp_诸葛亮]的【统帅】提升20.00(224.80)
2025-07-07 18:10:31,189 - INFO -         [甘夫人]的【统帅】提升20.00(198.90)
2025-07-07 18:10:31,189 - INFO -   [Sp_诸葛亮]发动战法【星罗棋布】
2025-07-07 18:10:31,190 - INFO -   [Sp_诸葛亮]发动战法【星罗棋布】
2025-07-07 18:10:31,190 - INFO -         [诸葛亮]执行来自【星罗棋布】的[星罗棋布-阵型]效果
2025-07-07 18:10:31,190 - INFO -         [诸葛亮]的【造成伤害】提升16.99%(131.99%)
2025-07-07 18:10:31,190 - INFO -         [Sp_诸葛亮]执行来自【星罗棋布】的[星罗棋布-阵型]效果
2025-07-07 18:10:31,190 - INFO -         [Sp_诸葛亮]的【统帅】提升22.65(247.45)
2025-07-07 18:10:31,190 - INFO -         [甘夫人]执行来自【星罗棋布】的[星罗棋布-阵型]效果
2025-07-07 18:10:31,190 - INFO -         [甘夫人]的【统帅】提升22.65(221.55)
2025-07-07 18:10:31,190 - INFO -   [夫人队]获得【阵型-一字阵】强化效果
2025-07-07 18:10:31,190 - INFO -         [赵云]的【受到伤害】降低8.00%(-8.00%)
2025-07-07 18:10:31,190 - INFO -         [Sp_诸葛亮]的【受到伤害】降低8.00%(-8.00%)
2025-07-07 18:10:31,190 - INFO -         [刘备]的【受到伤害】降低8.00%(-8.00%)
2025-07-07 18:10:31,190 - INFO -   [Sp_诸葛亮]发动战法【星罗棋布】
2025-07-07 18:10:31,190 - INFO -         [赵云]执行来自【星罗棋布】的[星罗棋布-阵型]效果
2025-07-07 18:10:31,190 - INFO -         [赵云]的【受到伤害】降低8.34%(-16.34%)
2025-07-07 18:10:31,190 - INFO -         [Sp_诸葛亮]执行来自【星罗棋布】的[星罗棋布-阵型]效果
2025-07-07 18:10:31,190 - INFO -         [Sp_诸葛亮]的【受到伤害】降低8.34%(-16.34%)
2025-07-07 18:10:31,190 - INFO -         [刘备]执行来自【星罗棋布】的[星罗棋布-阵型]效果
2025-07-07 18:10:31,191 - INFO -         [刘备]的【受到伤害】降低8.34%(-16.34%)
2025-07-07 18:10:31,191 - INFO -   [Sp_诸葛亮]发动战法【星罗棋布】
2025-07-07 18:10:31,191 - INFO -  【诸葛队】获得【蜀】强化效果,属性提升10.0%
2025-07-07 18:10:31,191 - INFO -         [诸葛亮]的【武力】提升12.34(135.74)
2025-07-07 18:10:31,191 - INFO -         [诸葛亮]的【智力】提升26.00(286.00)
2025-07-07 18:10:31,191 - INFO -         [诸葛亮]的【统帅】提升21.45(235.95)
2025-07-07 18:10:31,191 - INFO -         [诸葛亮]的【先攻】提升13.12(144.38)
2025-07-07 18:10:31,191 - INFO -         [Sp_诸葛亮]的【武力】提升7.82(86.02)
2025-07-07 18:10:31,191 - INFO -         [Sp_诸葛亮]的【智力】提升31.00(341.00)
2025-07-07 18:10:31,191 - INFO -         [Sp_诸葛亮]的【统帅】提升24.75(272.20)
2025-07-07 18:10:31,191 - INFO -         [Sp_诸葛亮]的【先攻】提升13.79(151.74)
2025-07-07 18:10:31,191 - INFO -         [甘夫人]的【武力】提升3.80(41.85)
2025-07-07 18:10:31,191 - INFO -         [甘夫人]的【智力】提升23.98(263.73)
2025-07-07 18:10:31,191 - INFO -         [甘夫人]的【统帅】提升22.16(243.71)
2025-07-07 18:10:31,191 - INFO -         [甘夫人]的【先攻】提升16.56(182.16)
2025-07-07 18:10:31,191 - INFO -  【夫人队】获得【蜀】强化效果,属性提升10.0%
2025-07-07 18:10:31,191 - INFO -         [赵云]的【武力】提升28.62(314.88)
2025-07-07 18:10:31,191 - INFO -         [赵云]的【智力】提升14.54(159.94)
2025-07-07 18:10:31,191 - INFO -         [赵云]的【统帅】提升20.38(224.12)
2025-07-07 18:10:31,192 - INFO -         [赵云]的【先攻】提升16.91(185.96)
2025-07-07 18:10:31,192 - INFO -         [Sp_诸葛亮]的【武力】提升7.82(86.02)
2025-07-07 18:10:31,192 - INFO -         [Sp_诸葛亮]的【智力】提升31.00(341.00)
2025-07-07 18:10:31,192 - INFO -         [Sp_诸葛亮]的【统帅】提升20.48(225.28)
2025-07-07 18:10:31,192 - INFO -         [Sp_诸葛亮]的【先攻】提升13.79(151.74)
2025-07-07 18:10:31,192 - INFO -         [刘备]的【武力】提升14.44(158.78)
2025-07-07 18:10:31,192 - INFO -         [刘备]的【智力】提升24.80(272.75)
2025-07-07 18:10:31,192 - INFO -         [刘备]的【统帅】提升20.44(224.84)
2025-07-07 18:10:31,192 - INFO -         [刘备]的【先攻】提升13.04(143.44)
2025-07-07 18:10:31,192 - INFO -  【诸葛队】获得【兵种-弓】强化效果
2025-07-07 18:10:31,192 - INFO -         [诸葛亮]的【造成伤害】提升3.50%(135.49%)
2025-07-07 18:10:31,192 - INFO -         [Sp_诸葛亮]的【造成伤害】提升3.50%(103.50%)
2025-07-07 18:10:31,192 - INFO -         [甘夫人]的【造成伤害】提升3.50%(103.50%)
2025-07-07 18:10:31,192 - INFO -  【夫人队】获得【兵种-盾】强化效果
2025-07-07 18:10:31,192 - INFO -         [赵云]的【受到伤害】降低2.93%(-19.26%)
2025-07-07 18:10:31,192 - INFO -         [Sp_诸葛亮]的【受到伤害】降低2.93%(-19.26%)
2025-07-07 18:10:31,192 - INFO -         [刘备]的【受到伤害】降低2.93%(-19.26%)
2025-07-07 18:10:31,192 - INFO -   [Sp_诸葛亮]发动战法【星罗棋布】
2025-07-07 18:10:31,192 - INFO -         [赵云]的【受到谋略伤害】降低12.63%(-12.63%)
2025-07-07 18:10:31,192 - INFO -         [Sp_诸葛亮]的【受到谋略伤害】降低16.42%(-16.42%)
2025-07-07 18:10:31,192 - INFO -         [刘备]的【受到谋略伤害】降低12.63%(-12.63%)
2025-07-07 18:10:31,192 - INFO -         [Sp_诸葛亮]执行来自【星罗棋布】的[星罗棋布-额外效果]效果
2025-07-07 18:10:31,193 - INFO -         [Sp_诸葛亮]执行来自【星罗棋布】的[星罗棋布-三前排阵型]效果
2025-07-07 18:10:31,193 - INFO -         [Sp_诸葛亮]的[星罗棋布-三前排阵型]效果已施加
2025-07-07 18:10:31,193 - INFO -   [Sp_诸葛亮]发动战法【星罗棋布】
2025-07-07 18:10:31,193 - INFO -         [诸葛亮]的【受到谋略伤害】降低12.63%(-12.63%)
2025-07-07 18:10:31,193 - INFO -         [Sp_诸葛亮]的【受到谋略伤害】降低16.42%(-16.42%)
2025-07-07 18:10:31,193 - INFO -         [甘夫人]的【受到谋略伤害】降低12.63%(-12.63%)
2025-07-07 18:10:31,193 - INFO -         [Sp_诸葛亮]执行来自【星罗棋布】的[星罗棋布-额外效果]效果
2025-07-07 18:10:31,193 - INFO -         [Sp_诸葛亮]执行来自【星罗棋布】的[星罗棋布-双前排阵型]效果
2025-07-07 18:10:31,193 - INFO -         [诸葛亮]的【对前排造成伤害】提升20.00%(120.00%)
2025-07-07 18:10:31,193 - INFO -         [诸葛亮]的[星罗棋布-双前排阵型]效果已施加
2025-07-07 18:10:31,193 - INFO -   [诸葛亮]发动战法【草船借箭】
2025-07-07 18:10:31,193 - INFO -         [诸葛亮]的【攻心】提升24.00%(24.00%)
2025-07-07 18:10:31,193 - INFO - 
[第 1 回合]
2025-07-07 18:10:31,193 - INFO - [赵云]开始行动
2025-07-07 18:10:31,194 - INFO -   [赵云]对[Sp_诸葛亮]发动普通攻击
2025-07-07 18:10:31,194 - INFO -         [Sp_诸葛亮]损失了兵力342(9658)
2025-07-07 18:10:31,194 - INFO -         [赵云]由于[诸葛亮]【草船借箭】的[草船借箭]效果,损失了兵力352(9648)
2025-07-07 18:10:31,194 - INFO -         [刘备]由于[诸葛亮]【草船借箭】的[草船借箭]效果,损失了兵力249(9751)
2025-07-07 18:10:31,194 - INFO -         [刘备]由于[诸葛亮]【草船借箭】的[草船借箭]效果,损失了兵力249(9502)
2025-07-07 18:10:31,194 - INFO -         [Sp_诸葛亮]由于[诸葛亮]【草船借箭】的[草船借箭]效果,损失了兵力215(9785)
2025-07-07 18:10:31,194 - INFO -         [赵云]由于[诸葛亮]【草船借箭】的[草船借箭]效果,损失了兵力352(9296)
2025-07-07 18:10:31,195 - INFO -         [刘备]由于[诸葛亮]【草船借箭】的[草船借箭]效果,损失了兵力249(9253)
2025-07-07 18:10:31,195 - INFO -         [赵云]由于[诸葛亮]【草船借箭】的[草船借箭]效果,损失了兵力352(8944)
2025-07-07 18:10:31,195 - INFO -         [Sp_诸葛亮]由于[诸葛亮]【草船借箭】的[草船借箭]效果,损失了兵力215(9570)
2025-07-07 18:10:31,195 - INFO -         [赵云]由于[诸葛亮]【草船借箭】的[草船借箭]效果,损失了兵力352(8592)
2025-07-07 18:10:31,195 - INFO -         [Sp_诸葛亮]由于[诸葛亮]【草船借箭】的[草船借箭]效果,损失了兵力215(9355)
2025-07-07 18:10:31,195 - INFO -         [刘备]由于[诸葛亮]【草船借箭】的[草船借箭]效果,损失了兵力249(9004)
2025-07-07 18:10:31,195 - INFO -         [赵云]由于[诸葛亮]【草船借箭】的[草船借箭]效果,损失了兵力352(8240)
2025-07-07 18:10:31,196 - INFO -         [Sp_诸葛亮]由于[诸葛亮]【草船借箭】的[草船借箭]效果,损失了兵力215(9140)
2025-07-07 18:10:31,196 - INFO -         [刘备]由于[诸葛亮]【草船借箭】的[草船借箭]效果,损失了兵力249(8755)
2025-07-07 18:10:31,196 - INFO -         [Sp_诸葛亮]由于[诸葛亮]【草船借箭】的[草船借箭]效果,损失了兵力215(8925)
2025-07-07 18:10:31,196 - INFO -         [刘备]由于[诸葛亮]【草船借箭】的[草船借箭]效果,损失了兵力249(8506)
2025-07-07 18:10:31,196 - INFO -         [刘备]由于[诸葛亮]【草船借箭】的[草船借箭]效果,损失了兵力249(8257)
2025-07-07 18:10:31,196 - INFO -         [Sp_诸葛亮]由于[诸葛亮]【草船借箭】的[草船借箭]效果,损失了兵力215(8710)
2025-07-07 18:10:31,196 - INFO -         [刘备]由于[诸葛亮]【草船借箭】的[草船借箭]效果,损失了兵力249(8008)
2025-07-07 18:10:31,197 - INFO -         [刘备]由于[诸葛亮]【草船借箭】的[草船借箭]效果,损失了兵力249(7759)
2025-07-07 18:10:31,197 - INFO -         [刘备]由于[诸葛亮]【草船借箭】的[草船借箭]效果,损失了兵力249(7510)
2025-07-07 18:10:31,197 - INFO -         [Sp_诸葛亮]由于[诸葛亮]【草船借箭】的[草船借箭]效果,损失了兵力215(8495)
2025-07-07 18:10:31,197 - INFO -         [刘备]由于[诸葛亮]【草船借箭】的[草船借箭]效果,损失了兵力249(7261)
2025-07-07 18:10:31,197 - INFO -         [Sp_诸葛亮]由于[诸葛亮]【草船借箭】的[草船借箭]效果,损失了兵力215(8280)
2025-07-07 18:10:31,197 - INFO -         [Sp_诸葛亮]由于[诸葛亮]【草船借箭】的[草船借箭]效果,损失了兵力215(8065)
2025-07-07 18:10:31,197 - INFO -         [Sp_诸葛亮]由于[诸葛亮]【草船借箭】的[草船借箭]效果,损失了兵力215(7850)
2025-07-07 18:10:31,198 - INFO -         [赵云]由于[诸葛亮]【草船借箭】的[草船借箭]效果,损失了兵力352(7888)
2025-07-07 18:10:31,198 - INFO -         [Sp_诸葛亮]由于[诸葛亮]【草船借箭】的[草船借箭]效果,损失了兵力215(7635)
2025-07-07 18:10:31,198 - INFO -         [刘备]由于[诸葛亮]【草船借箭】的[草船借箭]效果,损失了兵力249(7012)
2025-07-07 18:10:31,198 - INFO -         [刘备]由于[诸葛亮]【草船借箭】的[草船借箭]效果,损失了兵力249(6763)
2025-07-07 18:10:31,198 - INFO -         [刘备]由于[诸葛亮]【草船借箭】的[草船借箭]效果,损失了兵力249(6514)
2025-07-07 18:10:31,198 - INFO -         [Sp_诸葛亮]由于[诸葛亮]【草船借箭】的[草船借箭]效果,损失了兵力215(7420)
2025-07-07 18:10:31,198 - INFO -         [赵云]由于[诸葛亮]【草船借箭】的[草船借箭]效果,损失了兵力352(7536)
2025-07-07 18:10:31,199 - INFO -         [赵云]由于[诸葛亮]【草船借箭】的[草船借箭]效果,损失了兵力352(7184)
2025-07-07 18:10:31,199 - INFO -         [Sp_诸葛亮]由于[诸葛亮]【草船借箭】的[草船借箭]效果,损失了兵力215(7205)
2025-07-07 18:10:31,199 - INFO -         [Sp_诸葛亮]由于[诸葛亮]【草船借箭】的[草船借箭]效果,损失了兵力215(6990)
2025-07-07 18:10:31,199 - INFO -         [刘备]由于[诸葛亮]【草船借箭】的[草船借箭]效果,损失了兵力249(6265)
2025-07-07 18:10:31,199 - INFO -         [赵云]由于[诸葛亮]【草船借箭】的[草船借箭]效果,损失了兵力352(6832)
2025-07-07 18:10:31,199 - INFO -         [刘备]由于[诸葛亮]【草船借箭】的[草船借箭]效果,损失了兵力249(6016)
2025-07-07 18:10:31,200 - INFO -         [Sp_诸葛亮]由于[诸葛亮]【草船借箭】的[草船借箭]效果,损失了兵力215(6775)
2025-07-07 18:10:31,200 - INFO -         [赵云]由于[诸葛亮]【草船借箭】的[草船借箭]效果,损失了兵力352(6480)
2025-07-07 18:10:31,200 - INFO -         [赵云]由于[诸葛亮]【草船借箭】的[草船借箭]效果,损失了兵力352(6128)
2025-07-07 18:10:31,200 - INFO -         [刘备]由于[诸葛亮]【草船借箭】的[草船借箭]效果,损失了兵力249(5767)
2025-07-07 18:10:31,200 - INFO -         [Sp_诸葛亮]由于[诸葛亮]【草船借箭】的[草船借箭]效果,损失了兵力215(6560)
2025-07-07 18:10:31,200 - INFO -         [赵云]由于[诸葛亮]【草船借箭】的[草船借箭]效果,损失了兵力352(5776)
2025-07-07 18:10:31,200 - INFO -         [赵云]由于[诸葛亮]【草船借箭】的[草船借箭]效果,损失了兵力352(5424)
2025-07-07 18:10:31,201 - INFO -         [刘备]由于[诸葛亮]【草船借箭】的[草船借箭]效果,损失了兵力249(5518)
2025-07-07 18:10:31,201 - INFO -         [刘备]由于[诸葛亮]【草船借箭】的[草船借箭]效果,损失了兵力249(5269)
2025-07-07 18:10:31,201 - INFO -         [Sp_诸葛亮]由于[诸葛亮]【草船借箭】的[草船借箭]效果,损失了兵力215(6345)
2025-07-07 18:10:31,201 - INFO -         [赵云]由于[诸葛亮]【草船借箭】的[草船借箭]效果,损失了兵力352(5072)
2025-07-07 18:10:31,201 - INFO -         [Sp_诸葛亮]由于[诸葛亮]【草船借箭】的[草船借箭]效果,损失了兵力215(6130)
2025-07-07 18:10:31,201 - INFO -         [赵云]由于[诸葛亮]【草船借箭】的[草船借箭]效果,损失了兵力352(4720)
2025-07-07 18:10:31,201 - INFO -         [刘备]由于[诸葛亮]【草船借箭】的[草船借箭]效果,损失了兵力249(5020)
2025-07-07 18:10:31,202 - INFO -         [刘备]由于[诸葛亮]【草船借箭】的[草船借箭]效果,损失了兵力249(4771)
2025-07-07 18:10:31,202 - INFO -         [赵云]由于[诸葛亮]【草船借箭】的[草船借箭]效果,损失了兵力352(4368)
2025-07-07 18:10:31,202 - INFO -         [刘备]由于[诸葛亮]【草船借箭】的[草船借箭]效果,损失了兵力249(4522)
2025-07-07 18:10:31,202 - INFO -         [刘备]由于[诸葛亮]【草船借箭】的[草船借箭]效果,损失了兵力249(4273)
2025-07-07 18:10:31,202 - INFO -         [赵云]由于[诸葛亮]【草船借箭】的[草船借箭]效果,损失了兵力352(4016)
2025-07-07 18:10:31,202 - INFO -         [Sp_诸葛亮]由于[诸葛亮]【草船借箭】的[草船借箭]效果,损失了兵力215(5915)
2025-07-07 18:10:31,202 - INFO -         [刘备]由于[诸葛亮]【草船借箭】的[草船借箭]效果,损失了兵力249(4024)
2025-07-07 18:10:31,203 - INFO -         [刘备]由于[诸葛亮]【草船借箭】的[草船借箭]效果,损失了兵力249(3775)
2025-07-07 18:10:31,203 - INFO -         [赵云]由于[诸葛亮]【草船借箭】的[草船借箭]效果,损失了兵力352(3664)
2025-07-07 18:10:31,203 - INFO -         [Sp_诸葛亮]由于[诸葛亮]【草船借箭】的[草船借箭]效果,损失了兵力215(5700)
2025-07-07 18:10:31,203 - INFO -         [刘备]由于[诸葛亮]【草船借箭】的[草船借箭]效果,损失了兵力249(3526)
2025-07-07 18:10:31,203 - INFO -         [Sp_诸葛亮]由于[诸葛亮]【草船借箭】的[草船借箭]效果,损失了兵力215(5485)
2025-07-07 18:10:31,203 - INFO -         [刘备]由于[诸葛亮]【草船借箭】的[草船借箭]效果,损失了兵力249(3277)
2025-07-07 18:10:31,203 - INFO -         [赵云]由于[诸葛亮]【草船借箭】的[草船借箭]效果,损失了兵力352(3312)
2025-07-07 18:10:31,204 - INFO -         [刘备]由于[诸葛亮]【草船借箭】的[草船借箭]效果,损失了兵力249(3028)
2025-07-07 18:10:31,204 - INFO -         [Sp_诸葛亮]由于[诸葛亮]【草船借箭】的[草船借箭]效果,损失了兵力215(5270)
2025-07-07 18:10:31,204 - INFO -         [赵云]由于[诸葛亮]【草船借箭】的[草船借箭]效果,损失了兵力352(2960)
2025-07-07 18:10:31,204 - INFO -         [刘备]由于[诸葛亮]【草船借箭】的[草船借箭]效果,损失了兵力249(2779)
2025-07-07 18:10:31,204 - INFO -         [赵云]由于[诸葛亮]【草船借箭】的[草船借箭]效果,损失了兵力352(2608)
2025-07-07 18:10:31,204 - INFO -         [Sp_诸葛亮]由于[诸葛亮]【草船借箭】的[草船借箭]效果,损失了兵力215(5055)
2025-07-07 18:10:31,204 - INFO -         [Sp_诸葛亮]由于[诸葛亮]【草船借箭】的[草船借箭]效果,损失了兵力215(4840)
2025-07-07 18:10:31,205 - INFO -         [刘备]由于[诸葛亮]【草船借箭】的[草船借箭]效果,损失了兵力249(2530)
2025-07-07 18:10:31,205 - INFO -         [刘备]由于[诸葛亮]【草船借箭】的[草船借箭]效果,损失了兵力249(2281)
2025-07-07 18:10:31,205 - INFO -         [Sp_诸葛亮]由于[诸葛亮]【草船借箭】的[草船借箭]效果,损失了兵力215(4625)
2025-07-07 18:10:31,205 - INFO -         [赵云]由于[诸葛亮]【草船借箭】的[草船借箭]效果,损失了兵力352(2256)
2025-07-07 18:10:31,205 - INFO -         [赵云]由于[诸葛亮]【草船借箭】的[草船借箭]效果,损失了兵力352(1904)
2025-07-07 18:10:31,205 - INFO -         [Sp_诸葛亮]由于[诸葛亮]【草船借箭】的[草船借箭]效果,损失了兵力215(4410)
2025-07-07 18:10:31,205 - INFO -         [Sp_诸葛亮]由于[诸葛亮]【草船借箭】的[草船借箭]效果,损失了兵力215(4195)
2025-07-07 18:10:31,206 - INFO -         [赵云]由于[诸葛亮]【草船借箭】的[草船借箭]效果,损失了兵力352(1552)
2025-07-07 18:10:31,206 - INFO -         [赵云]由于[诸葛亮]【草船借箭】的[草船借箭]效果,损失了兵力352(1200)
2025-07-07 18:10:31,206 - INFO -         [刘备]由于[诸葛亮]【草船借箭】的[草船借箭]效果,损失了兵力249(2032)
2025-07-07 18:10:31,206 - INFO -         [刘备]由于[诸葛亮]【草船借箭】的[草船借箭]效果,损失了兵力249(1783)
2025-07-07 18:10:31,206 - INFO -         [刘备]由于[诸葛亮]【草船借箭】的[草船借箭]效果,损失了兵力249(1534)
2025-07-07 18:10:31,206 - INFO -         [Sp_诸葛亮]由于[诸葛亮]【草船借箭】的[草船借箭]效果,损失了兵力215(3980)
2025-07-07 18:10:31,207 - INFO -         [Sp_诸葛亮]由于[诸葛亮]【草船借箭】的[草船借箭]效果,损失了兵力215(3765)
2025-07-07 18:10:31,207 - INFO -         [Sp_诸葛亮]由于[诸葛亮]【草船借箭】的[草船借箭]效果,损失了兵力215(3550)
2025-07-07 18:10:31,207 - INFO -         [赵云]由于[诸葛亮]【草船借箭】的[草船借箭]效果,损失了兵力352(848)
2025-07-07 18:10:31,207 - INFO -         [Sp_诸葛亮]由于[诸葛亮]【草船借箭】的[草船借箭]效果,损失了兵力215(3335)
2025-07-07 18:10:31,207 - INFO -         [刘备]由于[诸葛亮]【草船借箭】的[草船借箭]效果,损失了兵力249(1285)
2025-07-07 18:10:31,207 - INFO -         [赵云]由于[诸葛亮]【草船借箭】的[草船借箭]效果,损失了兵力352(496)
2025-07-07 18:10:31,208 - INFO -         [Sp_诸葛亮]由于[诸葛亮]【草船借箭】的[草船借箭]效果,损失了兵力215(3120)
2025-07-07 18:10:31,208 - INFO -         [刘备]由于[诸葛亮]【草船借箭】的[草船借箭]效果,损失了兵力249(1036)
2025-07-07 18:10:31,208 - INFO -         [Sp_诸葛亮]由于[诸葛亮]【草船借箭】的[草船借箭]效果,损失了兵力215(2905)
2025-07-07 18:10:31,208 - INFO -         [刘备]由于[诸葛亮]【草船借箭】的[草船借箭]效果,损失了兵力249(787)
2025-07-07 18:10:31,208 - INFO -         [Sp_诸葛亮]由于[诸葛亮]【草船借箭】的[草船借箭]效果,损失了兵力215(2690)
2025-07-07 18:10:31,208 - INFO -         [赵云]由于[诸葛亮]【草船借箭】的[草船借箭]效果,损失了兵力352(144)
2025-07-07 18:10:31,208 - INFO -         [刘备]由于[诸葛亮]【草船借箭】的[草船借箭]效果,损失了兵力249(538)
2025-07-07 18:10:31,209 - INFO -         [Sp_诸葛亮]由于[诸葛亮]【草船借箭】的[草船借箭]效果,损失了兵力215(2475)
2025-07-07 18:10:31,209 - INFO -         [Sp_诸葛亮]由于[诸葛亮]【草船借箭】的[草船借箭]效果,损失了兵力215(2260)
2025-07-07 18:10:31,209 - INFO -         [Sp_诸葛亮]由于[诸葛亮]【草船借箭】的[草船借箭]效果,损失了兵力215(2045)
2025-07-07 18:10:31,209 - INFO -         [刘备]由于[诸葛亮]【草船借箭】的[草船借箭]效果,损失了兵力249(289)
2025-07-07 18:10:31,209 - INFO -         [刘备]由于[诸葛亮]【草船借箭】的[草船借箭]效果,损失了兵力249(40)
2025-07-07 18:10:31,209 - INFO -         [刘备]由于[诸葛亮]【草船借箭】的[草船借箭]效果,损失了兵力249(-209)
2025-07-07 18:10:31,209 - INFO -         [刘备]兵力为0 无法再战
2025-07-07 18:10:31,210 - INFO -         [Sp_诸葛亮]由于[诸葛亮]【草船借箭】的[草船借箭]效果,损失了兵力215(1830)
2025-07-07 18:10:31,210 - INFO -         [赵云]由于[诸葛亮]【草船借箭】的[草船借箭]效果,损失了兵力352(-208)
2025-07-07 18:10:31,210 - INFO -         [赵云]兵力为0 无法再战
2025-07-07 18:10:31,210 - INFO -         [Sp_诸葛亮]由于[诸葛亮]【草船借箭】的[草船借箭]效果,损失了兵力215(1615)
2025-07-07 18:10:31,210 - INFO -         [Sp_诸葛亮]由于[诸葛亮]【草船借箭】的[草船借箭]效果,损失了兵力215(1400)
2025-07-07 18:10:31,210 - INFO -         [Sp_诸葛亮]由于[诸葛亮]【草船借箭】的[草船借箭]效果,损失了兵力215(1185)
2025-07-07 18:10:31,210 - INFO -         [Sp_诸葛亮]由于[诸葛亮]【草船借箭】的[草船借箭]效果,损失了兵力215(970)
2025-07-07 18:10:31,210 - INFO -         [Sp_诸葛亮]由于[诸葛亮]【草船借箭】的[草船借箭]效果,损失了兵力215(755)
2025-07-07 18:10:31,211 - INFO -         [Sp_诸葛亮]由于[诸葛亮]【草船借箭】的[草船借箭]效果,损失了兵力215(540)
2025-07-07 18:10:31,211 - INFO -         [Sp_诸葛亮]由于[诸葛亮]【草船借箭】的[草船借箭]效果,损失了兵力215(325)
2025-07-07 18:10:31,212 - INFO -         [Sp_诸葛亮]由于[诸葛亮]【草船借箭】的[草船借箭]效果,损失了兵力215(110)
2025-07-07 18:10:31,212 - INFO -         [Sp_诸葛亮]由于[诸葛亮]【草船借箭】的[草船借箭]效果,损失了兵力215(-105)
2025-07-07 18:10:31,212 - INFO -         [Sp_诸葛亮]兵力为0 无法再战
2025-07-07 18:10:31,213 - INFO - [甘夫人]开始行动
2025-07-07 18:10:31,213 - INFO -   [诸葛队]战斗结束
2025-07-07 18:10:31,213 - INFO - ------------ 当前对 夫人队 的第 1 次对抗测试结束
2025-07-07 18:10:31,213 - INFO - ------------ [诸葛队] 获胜 1 场，[夫人队] 获胜 0 场
